This is XeTeX, Version 3.1415926-2.5-0.9999.3 (TeX Live 2013/Debian) (format=xelatex 2016.4.13)  28 JAN 2017 18:44
entering extended mode
 restricted \write18 enabled.
 %&-line parsing enabled.
**main.tex
(./main.tex
LaTeX2e <2011/06/27>
Babel <3.9h> and hyphenation patterns for 78 languages loaded.
(/usr/share/texlive/texmf-dist/tex/latex/base/article.cls
Document Class: article 2007/10/19 v1.4h Standard LaTeX document class
(/usr/share/texlive/texmf-dist/tex/latex/base/size12.clo
File: size12.clo 2007/10/19 v1.4h Standard LaTeX file (size option)
)
\c@part=\count80
\c@section=\count81
\c@subsection=\count82
\c@subsubsection=\count83
\c@paragraph=\count84
\c@subparagraph=\count85
\c@figure=\count86
\c@table=\count87
\abovecaptionskip=\skip41
\belowcaptionskip=\skip42
\bibindent=\dimen102
)
(/usr/share/texlive/texmf-dist/tex/latex/algorithm2e/algorithm2e.sty
Invalid UTF-8 byte or sequence at line 164 replaced by U+FFFD.
Invalid UTF-8 byte or sequence at line 414 replaced by U+FFFD.
Package: algorithm2e 2013/01/06 v5.00 algorithms environments
\c@AlgoLine=\count88

(/usr/share/texlive/texmf-dist/tex/latex/base/ifthen.sty
Package: ifthen 2001/05/26 v1.1c Standard LaTeX ifthen package (DPC)
)
(/usr/share/texlive/texmf-dist/tex/latex/tools/xspace.sty
Package: xspace 2009/10/20 v1.13 Space after command names (DPC,MH)
)
(/usr/share/texlive/texmf-dist/tex/latex/relsize/relsize.sty
Package: relsize 2013/03/29 ver 4.1
)
********************************************************
Package `algorithm2e' Release 5.0 -- january 06 2013 --
- algorithm2e-announce@lirmm.fr mailing list for announcement about releases
- algorithm2e-discussion@lirmm.fr mailing list for discussion about package
subscribe by emailing sympa@lirmm.fr with 'subscribe <list> <firstname name>'
- Author: Christophe Fiorio (cfiorio@um2.fr)
********************************************************
\skiptotal=\skip43
\skiplinenumber=\skip44
\skiprule=\skip45
\skiphlne=\skip46
\skiptext=\skip47
\skiplength=\skip48
\algomargin=\skip49
\skipalgocfslide=\skip50
\algowidth=\dimen103
\inoutsize=\dimen104
\inoutindent=\dimen105
\interspacetitleruled=\dimen106
\interspacealgoruled=\dimen107
\interspacetitleboxruled=\dimen108
\algocf@inoutbox=\box26
\algocf@inputbox=\box27
\AlCapSkip=\skip51
\AlCapHSkip=\skip52
\algoskipindent=\skip53
\algocf@nlbox=\box28
\algocf@hangingbox=\box29
\algocf@untilbox=\box30
\algocf@skipuntil=\skip54
\algocf@capbox=\box31
\algoheightruledefault=\skip55
\algoheightrule=\skip56
\algotitleheightruledefault=\skip57
\algotitleheightrule=\skip58
\c@algocfline=\count89
\c@algocfproc=\count90
\c@algocf=\count91
\algocf@algoframe=\box32
\algocf@algobox=\box33
) (/usr/share/texlive/texmf-dist/tex/latex/url/url.sty
\Urlmuskip=\muskip10
Package: url 2013/09/16  ver 3.4  Verb mode for urls, etc.
)
(/usr/share/texlive/texmf-dist/tex/latex/tram/tram.sty
Package: tram 2013/04/04 v0.2 tram boxes in LaTeX
\mabnayeteramgozari=\count92
\@fas=\dimen109
\@ater=\count93
\@peter=\count94
\@ketram=\box34
\@metram=\box35
)
(/usr/share/texlive/texmf-dist/tex/latex/amsmath/amsmath.sty
Package: amsmath 2013/01/14 v2.14 AMS math features
\@mathmargin=\skip59

For additional information on amsmath, use the `?' option.
(/usr/share/texlive/texmf-dist/tex/latex/amsmath/amstext.sty
Package: amstext 2000/06/29 v2.01

(/usr/share/texlive/texmf-dist/tex/latex/amsmath/amsgen.sty
File: amsgen.sty 1999/11/30 v2.0
\@emptytoks=\toks14
\ex@=\dimen110
))
(/usr/share/texlive/texmf-dist/tex/latex/amsmath/amsbsy.sty
Package: amsbsy 1999/11/29 v1.2d
\pmbraise@=\dimen111
)
(/usr/share/texlive/texmf-dist/tex/latex/amsmath/amsopn.sty
Package: amsopn 1999/12/14 v2.01 operator names
)
\inf@bad=\count95
LaTeX Info: Redefining \frac on input line 210.
\uproot@=\count96
\leftroot@=\count97
LaTeX Info: Redefining \overline on input line 306.
\classnum@=\count98
\DOTSCASE@=\count99
LaTeX Info: Redefining \ldots on input line 378.
LaTeX Info: Redefining \dots on input line 381.
LaTeX Info: Redefining \cdots on input line 466.
\Mathstrutbox@=\box36
\strutbox@=\box37
\big@size=\dimen112
LaTeX Font Info:    Redeclaring font encoding OML on input line 566.
LaTeX Font Info:    Redeclaring font encoding OMS on input line 567.
\macc@depth=\count100
\c@MaxMatrixCols=\count101
\dotsspace@=\muskip11
\c@parentequation=\count102
\dspbrk@lvl=\count103
\tag@help=\toks15
\row@=\count104
\column@=\count105
\maxfields@=\count106
\andhelp@=\toks16
\eqnshift@=\dimen113
\alignsep@=\dimen114
\tagshift@=\dimen115
\tagwidth@=\dimen116
\totwidth@=\dimen117
\lineht@=\dimen118
\@envbody=\toks17
\multlinegap=\skip60
\multlinetaggap=\skip61
\mathdisplay@stack=\toks18
LaTeX Info: Redefining \[ on input line 2665.
LaTeX Info: Redefining \] on input line 2666.
)
(/usr/share/texlive/texmf-dist/tex/latex/float/float.sty
Package: float 2001/11/08 v1.3d Float enhancements (AL)
\c@float@type=\count107
\float@exts=\toks19
\float@box=\box38
\@float@everytoks=\toks20
\@floatcapt=\box39
)
(/usr/share/texlive/texmf-dist/tex/xelatex/xepersian/xepersian.sty
Package: xepersian 2014/02/05 v13.7 Persian typesetting in XeLaTeX

(/usr/share/texlive/texmf-dist/tex/latex/fontspec/fontspec.sty
Package: fontspec 2013/05/20 v2.3c Font selection for XeLaTeX and LuaLaTeX

(/usr/share/texlive/texmf-dist/tex/latex/l3kernel/expl3.sty
(/usr/share/texlive/texmf-dist/tex/latex/l3kernel/l3names.sty
(/usr/share/texlive/texmf-dist/tex/latex/l3kernel/l3bootstrap.sty
Package: l3bootstrap 2014/01/04 v4640 L3 Experimental bootstrap code
)
Package: l3names 2014/01/04 v4640 L3 Namespace for primitives
)
(/usr/share/texlive/texmf-dist/tex/latex/etex-pkg/etex.sty
Package: etex 1998/03/26 v2.0 eTeX basic definition package (PEB)
\et@xins=\count108
)
Package: expl3 2014/01/07 v4646 L3 Experimental code bundle wrapper

(/usr/share/texlive/texmf-dist/tex/latex/l3kernel/l3basics.sty
Package: l3basics 2014/01/04 v4642 L3 Basic definitions
)
(/usr/share/texlive/texmf-dist/tex/latex/l3kernel/l3expan.sty
Package: l3expan 2014/01/04 v4642 L3 Argument expansion
)
(/usr/share/texlive/texmf-dist/tex/latex/l3kernel/l3tl.sty
Package: l3tl 2013/12/27 v4625 L3 Token lists
)
(/usr/share/texlive/texmf-dist/tex/latex/l3kernel/l3seq.sty
Package: l3seq 2013/12/14 v4623 L3 Sequences and stacks
)
(/usr/share/texlive/texmf-dist/tex/latex/l3kernel/l3int.sty
Package: l3int 2013/08/02 v4583 L3 Integers
\c_max_int=\count109
\l_tmpa_int=\count110
\l_tmpb_int=\count111
\g_tmpa_int=\count112
\g_tmpb_int=\count113
)
(/usr/share/texlive/texmf-dist/tex/latex/l3kernel/l3quark.sty
Package: l3quark 2013/12/14 v4623 L3 Quarks
)
(/usr/share/texlive/texmf-dist/tex/latex/l3kernel/l3prg.sty
Package: l3prg 2014/01/04 v4642 L3 Control structures
\g__prg_map_int=\count114
)
(/usr/share/texlive/texmf-dist/tex/latex/l3kernel/l3clist.sty
Package: l3clist 2013/07/28 v4581 L3 Comma separated lists
)
(/usr/share/texlive/texmf-dist/tex/latex/l3kernel/l3token.sty
Package: l3token 2013/08/25 v4587 L3 Experimental token manipulation
)
(/usr/share/texlive/texmf-dist/tex/latex/l3kernel/l3prop.sty
Package: l3prop 2013/12/14 v4623 L3 Property lists
)
(/usr/share/texlive/texmf-dist/tex/latex/l3kernel/l3msg.sty
Package: l3msg 2013/07/28 v4581 L3 Messages
)
(/usr/share/texlive/texmf-dist/tex/latex/l3kernel/l3file.sty
Package: l3file 2013/10/13 v4596 L3 File and I/O operations
\l_iow_line_count_int=\count115
\l__iow_target_count_int=\count116
\l__iow_current_line_int=\count117
\l__iow_current_word_int=\count118
\l__iow_current_indentation_int=\count119
)
(/usr/share/texlive/texmf-dist/tex/latex/l3kernel/l3skip.sty
Package: l3skip 2013/07/28 v4581 L3 Dimensions and skips
\c_zero_dim=\dimen119
\c_max_dim=\dimen120
\l_tmpa_dim=\dimen121
\l_tmpb_dim=\dimen122
\g_tmpa_dim=\dimen123
\g_tmpb_dim=\dimen124
\c_zero_skip=\skip62
\c_max_skip=\skip63
\l_tmpa_skip=\skip64
\l_tmpb_skip=\skip65
\g_tmpa_skip=\skip66
\g_tmpb_skip=\skip67
\c_zero_muskip=\muskip12
\c_max_muskip=\muskip13
\l_tmpa_muskip=\muskip14
\l_tmpb_muskip=\muskip15
\g_tmpa_muskip=\muskip16
\g_tmpb_muskip=\muskip17
)
(/usr/share/texlive/texmf-dist/tex/latex/l3kernel/l3keys.sty
Package: l3keys 2013/12/08 v4614 L3 Experimental key-value interfaces
\g__keyval_level_int=\count120
\l_keys_choice_int=\count121
)
(/usr/share/texlive/texmf-dist/tex/latex/l3kernel/l3fp.sty
Package: l3fp 2014/01/04 v4642 L3 Floating points
\c__fp_leading_shift_int=\count122
\c__fp_middle_shift_int=\count123
\c__fp_trailing_shift_int=\count124
\c__fp_big_leading_shift_int=\count125
\c__fp_big_middle_shift_int=\count126
\c__fp_big_trailing_shift_int=\count127
\c__fp_Bigg_leading_shift_int=\count128
\c__fp_Bigg_middle_shift_int=\count129
\c__fp_Bigg_trailing_shift_int=\count130
)
(/usr/share/texlive/texmf-dist/tex/latex/l3kernel/l3box.sty
Package: l3box 2013/07/28 v4581 L3 Experimental boxes
\c_empty_box=\box40
\l_tmpa_box=\box41
\l_tmpb_box=\box42
\g_tmpa_box=\box43
\g_tmpb_box=\box44
)
(/usr/share/texlive/texmf-dist/tex/latex/l3kernel/l3coffins.sty
Package: l3coffins 2013/12/14 v4624 L3 Coffin code layer
\l__coffin_internal_box=\box45
\l__coffin_internal_dim=\dimen125
\l__coffin_offset_x_dim=\dimen126
\l__coffin_offset_y_dim=\dimen127
\l__coffin_x_dim=\dimen128
\l__coffin_y_dim=\dimen129
\l__coffin_x_prime_dim=\dimen130
\l__coffin_y_prime_dim=\dimen131
\c_empty_coffin=\box46
\l__coffin_aligned_coffin=\box47
\l__coffin_aligned_internal_coffin=\box48
\l_tmpa_coffin=\box49
\l_tmpb_coffin=\box50
\l__coffin_display_coffin=\box51
\l__coffin_display_coord_coffin=\box52
\l__coffin_display_pole_coffin=\box53
\l__coffin_display_offset_dim=\dimen132
\l__coffin_display_x_dim=\dimen133
\l__coffin_display_y_dim=\dimen134
)
(/usr/share/texlive/texmf-dist/tex/latex/l3kernel/l3color.sty
Package: l3color 2012/08/29 v4156 L3 Experimental color support
)
(/usr/share/texlive/texmf-dist/tex/latex/l3kernel/l3luatex.sty
Package: l3luatex 2013/07/28 v4581 L3 Experimental LuaTeX-specific functions
\g__cctab_allocate_int=\count131
\g__cctab_stack_int=\count132
)
(/usr/share/texlive/texmf-dist/tex/latex/l3kernel/l3candidates.sty
Package: l3candidates 2014/01/06 v4643 L3 Experimental additions to l3kernel
\l__box_top_dim=\dimen135
\l__box_bottom_dim=\dimen136
\l__box_left_dim=\dimen137
\l__box_right_dim=\dimen138
\l__box_top_new_dim=\dimen139
\l__box_bottom_new_dim=\dimen140
\l__box_left_new_dim=\dimen141
\l__box_right_new_dim=\dimen142
\l__box_internal_box=\box54
\l__coffin_bounding_shift_dim=\dimen143
\l__coffin_left_corner_dim=\dimen144
\l__coffin_right_corner_dim=\dimen145
\l__coffin_bottom_corner_dim=\dimen146
\l__coffin_top_corner_dim=\dimen147
\l__coffin_scaled_total_height_dim=\dimen148
\l__coffin_scaled_width_dim=\dimen149
)
(/usr/share/texlive/texmf-dist/tex/generic/oberdiek/ifpdf.sty
Package: ifpdf 2011/01/30 v2.3 Provides the ifpdf switch (HO)
Package ifpdf Info: pdfTeX in PDF mode is not detected.
))
(/usr/share/texlive/texmf-dist/tex/latex/l3packages/xparse/xparse.sty
Package: xparse 2013/12/31 v4634 L3 Experimental document command parser
\l__xparse_current_arg_int=\count133
\l__xparse_m_args_int=\count134
\l__xparse_mandatory_args_int=\count135
\l__xparse_processor_int=\count136
\l__xparse_v_nesting_int=\count137
)
\l_fontspec_script_int=\count138
\l_fontspec_language_int=\count139
\l_fontspec_strnum_int=\count140
\l_fontspec_tmpa_dim=\dimen150
\l_fontspec_tmpb_dim=\dimen151
\l_fontspec_tmpc_dim=\dimen152
Variant \tl_gset:cV already defined; not changing it on line 69

(/usr/share/texlive/texmf-dist/tex/latex/fontspec/fontspec-patches.sty
Package: fontspec-patches 2013/05/20 v2.3c Font selection for XeLaTeX and LuaLa
TeX

(/usr/share/texlive/texmf-dist/tex/latex/base/fixltx2e.sty
Package: fixltx2e 2006/09/13 v1.1m fixes to LaTeX
LaTeX Info: Redefining \em on input line 420.
LaTeX Info: The control sequence `\[' is already robust on input line 471.
LaTeX Info: The control sequence `\]' is already robust on input line 472.
)
LaTeX Info: Redefining \em on input line 22.
LaTeX Info: Redefining \emph on input line 30.
LaTeX Info: Redefining \- on input line 33.

*************************************************
* LaTeX warning: "xparse/redefine-command"
* 
* Redefining document command \oldstylenums with arg. spec. 'm' on line 128.
*************************************************
.................................................
. LaTeX info: "xparse/define-command"
. 
. Defining document command \liningnums with arg. spec. 'm' on line 132.
.................................................
) (/usr/share/texlive/texmf-dist/tex/latex/fontspec/fontspec-xetex.sty
Package: fontspec-xetex 2013/05/20 v2.3c Font selection for XeLaTeX and LuaLaTe
X

(/usr/share/texlive/texmf-dist/tex/latex/base/fontenc.sty
Package: fontenc 2005/09/27 v1.99g Standard LaTeX package

(/usr/share/texlive/texmf-dist/tex/latex/euenc/eu1enc.def
File: eu1enc.def 2010/05/27 v0.1h Experimental Unicode font encodings
)
LaTeX Font Info:    Try loading font information for EU1+lmr on input line 100.


(/usr/share/texlive/texmf-dist/tex/latex/euenc/eu1lmr.fd
File: eu1lmr.fd 2009/10/30 v1.6 Font defs for Latin Modern
))
(/usr/share/texlive/texmf-dist/tex/xelatex/xunicode/xunicode.sty
File: xunicode.sty 2011/09/09 v0.981 provides access to latin accents and many 
other characters in Unicode lower plane

(/usr/share/texmf/tex/latex/tipa/t3enc.def
File: t3enc.def 2001/12/31 T3 encoding
LaTeX Font Info:    Try loading font information for EU1+lmss on input line 357
.

(/usr/share/texlive/texmf-dist/tex/latex/euenc/eu1lmss.fd
File: eu1lmss.fd 2009/10/30 v1.6 Font defs for Latin Modern
))
\tipaTiiicode=\count141
\tipasavetokens=\toks21
\tipachecktokens=\toks22

(/usr/share/texlive/texmf-dist/tex/latex/graphics/graphicx.sty
Package: graphicx 1999/02/16 v1.0f Enhanced LaTeX Graphics (DPC,SPQR)

(/usr/share/texlive/texmf-dist/tex/latex/graphics/keyval.sty
Package: keyval 1999/03/16 v1.13 key=value parser (DPC)
\KV@toks@=\toks23
)
(/usr/share/texlive/texmf-dist/tex/latex/graphics/graphics.sty
Package: graphics 2009/02/05 v1.0o Standard LaTeX Graphics (DPC,SPQR)

(/usr/share/texlive/texmf-dist/tex/latex/graphics/trig.sty
Package: trig 1999/03/16 v1.09 sin cos tan (DPC)
)
(/usr/share/texlive/texmf-dist/tex/latex/latexconfig/graphics.cfg
File: graphics.cfg 2010/04/23 v1.9 graphics configuration of TeX Live
)
Package graphics Info: Driver file: xetex.def on input line 91.

(/usr/share/texlive/texmf-dist/tex/xelatex/xetex-def/xetex.def
File: xetex.def 2013/04/29 v0.96 LaTeX color/graphics driver for XeTeX (RRM/JK)

))
\Gin@req@height=\dimen153
\Gin@req@width=\dimen154
))
.................................................
. LaTeX info: "xparse/define-command"
. 
. Defining document command \fontspec with arg. spec. 'O{}m' on line 41.
.................................................
.................................................
. LaTeX info: "xparse/define-command"
. 
. Defining document command \setmainfont with arg. spec. 'O{}m' on line 46.
.................................................
.................................................
. LaTeX info: "xparse/define-command"
. 
. Defining document command \setsansfont with arg. spec. 'O{}m' on line 51.
.................................................
.................................................
. LaTeX info: "xparse/define-command"
. 
. Defining document command \setmonofont with arg. spec. 'O{}m' on line 56.
.................................................
.................................................
. LaTeX info: "xparse/define-command"
. 
. Defining document command \setmathrm with arg. spec. 'O{}m' on line 65.
.................................................
.................................................
. LaTeX info: "xparse/define-command"
. 
. Defining document command \setboldmathrm with arg. spec. 'O{}m' on line 69.
.................................................
.................................................
. LaTeX info: "xparse/define-command"
. 
. Defining document command \setmathsf with arg. spec. 'O{}m' on line 73.
.................................................
.................................................
. LaTeX info: "xparse/define-command"
. 
. Defining document command \setmathtt with arg. spec. 'O{}m' on line 77.
.................................................
.................................................
. LaTeX info: "xparse/define-command"
. 
. Defining document command \newfontfamily with arg. spec. 'mO{}m' on line 96.
.................................................
.................................................
. LaTeX info: "xparse/define-command"
. 
. Defining document command \newfontface with arg. spec. 'mO{}m' on line 100.
.................................................
.................................................
. LaTeX info: "xparse/define-command"
. 
. Defining document command \defaultfontfeatures with arg. spec. 'om' on line
. 108.
.................................................
.................................................
. LaTeX info: "xparse/define-command"
. 
. Defining document command \addfontfeatures with arg. spec. 'm' on line 144.
.................................................
.................................................
. LaTeX info: "xparse/define-command"
. 
. Defining document command \newfontfeature with arg. spec. 'mm' on line 156.
.................................................
.................................................
. LaTeX info: "xparse/define-command"
. 
. Defining document command \newAATfeature with arg. spec. 'mmmm' on line 164.
.................................................
.................................................
. LaTeX info: "xparse/define-command"
. 
. Defining document command \newICUfeature with arg. spec. 'mmm' on line 172.
.................................................
.................................................
. LaTeX info: "xparse/define-command"
. 
. Defining document command \aliasfontfeature with arg. spec. 'mm' on line
. 201.
.................................................
.................................................
. LaTeX info: "xparse/define-command"
. 
. Defining document command \aliasfontfeatureoption with arg. spec. 'mmm' on
. line 203.
.................................................
.................................................
. LaTeX info: "xparse/define-command"
. 
. Defining document command \newfontscript with arg. spec. 'mm' on line 208.
.................................................
.................................................
. LaTeX info: "xparse/define-command"
. 
. Defining document command \newfontlanguage with arg. spec. 'mm' on line 235.
.................................................
.................................................
. LaTeX info: "xparse/define-command"
. 
. Defining document command \DeclareFontsExtensions with arg. spec. 'm' on
. line 256.
.................................................
Variant \prop_gput:cnV already defined; not changing it on line 582
Variant \prop_gput:cnx already defined; not changing it on line 583
\l_fontspec_tmp_int=\count142
LaTeX Info: Redefining \itshape on input line 2087.
LaTeX Info: Redefining \slshape on input line 2092.
LaTeX Info: Redefining \scshape on input line 2097.
LaTeX Info: Redefining \upshape on input line 2102.

(/usr/share/texlive/texmf-dist/tex/latex/fontspec/fontspec.cfg)))
(/usr/share/texlive/texmf-dist/tex/xelatex/xepersian/xepersian-persiancal.sty
Package: xepersian-persiancal 2012/07/25 v0.2 provides Persian calendar
\XePersian@i=\count143
\XePersian@y=\count144
\XePersian@m=\count145
\XePersian@d=\count146
\XePersian@latini=\count147
\XePersian@persiani=\count148
\XePersian@latinii=\count149
\XePersian@persianii=\count150
\XePersian@latiniii=\count151
\XePersian@persianiii=\count152
\XePersian@latiniv=\count153
\XePersian@persianiv=\count154
\XePersian@latinv=\count155
\XePersian@persianv=\count156
\XePersian@latinvi=\count157
\XePersian@persianvi=\count158
\XePersian@latinvii=\count159
\XePersian@persianvii=\count160
\XePersian@latinviii=\count161
\XePersian@persianviii=\count162
\XePersian@latinix=\count163
\XePersian@persianix=\count164
\XePersian@latinx=\count165
\XePersian@persianx=\count166
\XePersian@latinxi=\count167
\XePersian@persianxi=\count168
\XePersian@latinxii=\count169
\XePersian@persianxii=\count170
\XePersian@persianxiii=\count171
\XePersian@temp=\count172
\XePersian@temptwo=\count173
\XePersian@tempthree=\count174
\XePersian@yModHundred=\count175
\XePersian@thirtytwo=\count176
\XePersian@dn=\count177
\XePersian@sn=\count178
\XePersian@mminusone=\count179
)
(/usr/share/texlive/texmf-dist/tex/xelatex/xepersian/xepersian-mathsdigitspec.s
ty
Package: xepersian-mathsdigitspec 2013/10/21 v1.0.5 Unicode Persian maths digit
s in XeLaTeX
.................................................
. LaTeX info: "xparse/define-command"
. 
. Defining document command \new@mathbf with arg. spec. 'm' on line 131.
.................................................
.................................................
. LaTeX info: "xparse/define-command"
. 
. Defining document command \new@mathit with arg. spec. 'm' on line 139.
.................................................
.................................................
. LaTeX info: "xparse/define-command"
. 
. Defining document command \new@mathrm with arg. spec. 'm' on line 147.
.................................................
.................................................
. LaTeX info: "xparse/define-command"
. 
. Defining document command \new@mathsf with arg. spec. 'm' on line 155.
.................................................
.................................................
. LaTeX info: "xparse/define-command"
. 
. Defining document command \new@mathtt with arg. spec. 'm' on line 163.
.................................................
.................................................
. LaTeX info: "xparse/define-command"
. 
. Defining document command \setmathsfdigitfont with arg. spec. 'O{}m' on line
. 193.
.................................................
.................................................
. LaTeX info: "xparse/define-command"
. 
. Defining document command \setmathttdigitfont with arg. spec. 'O{}m' on line
. 198.
.................................................
) (/usr/share/texlive/texmf-dist/tex/xelatex/bidi/bidi.sty
Package: bidi 2014/02/05 v14.6 Bidirectional typesetting in plain TeX and LaTeX


****************************************************
* 
* bidi package (Bidirectional typesetting in
* plain TeX and LaTeX, using XeTeX engine)
* 
* Description: A convenient interface for
* typesetting bidirectional texts in plain TeX
* and LaTeX. The package includes adaptations
* for use with many other commonly-used packages.
* 
* Copyright © 2009–2013 Vafa Khalighi
* 
* 2014/02/05, v14.6
* 
* License: LaTeX Project Public License, version
* 1.3c or higher (your choice)
* 
* Location on CTAN: /macros/xetex/latex/bidi
* 
* Issue tracker: https://github.com/vafa/bidi/issues
* 
* Support: persian-tex@tug.org
****************************************************
(/usr/share/texlive/texmf-dist/tex/generic/iftex/iftex.sty
Package: iftex 2013/04/04 v0.2 Provides if(tex) conditional for PDFTeX, XeTeX, 
and LuaTeX
)
(/usr/share/texlive/texmf-dist/tex/xelatex/bidi/biditools.sty
Package: biditools 2013/04/10 v0.2 Programming tools for bidi package
)
(/usr/share/texlive/texmf-dist/tex/latex/oberdiek/zref-abspage.sty
Package: zref-abspage 2012/04/04 v2.24 Module abspage for zref (HO)

(/usr/share/texlive/texmf-dist/tex/latex/oberdiek/zref-base.sty
Package: zref-base 2012/04/04 v2.24 Module base for zref (HO)

(/usr/share/texlive/texmf-dist/tex/generic/oberdiek/ltxcmds.sty
Package: ltxcmds 2011/11/09 v1.22 LaTeX kernel commands for general use (HO)
)
(/usr/share/texlive/texmf-dist/tex/generic/oberdiek/infwarerr.sty
Package: infwarerr 2010/04/08 v1.3 Providing info/warning/error messages (HO)
)
(/usr/share/texlive/texmf-dist/tex/generic/oberdiek/kvsetkeys.sty
Package: kvsetkeys 2012/04/25 v1.16 Key value parser (HO)

(/usr/share/texlive/texmf-dist/tex/generic/oberdiek/etexcmds.sty
Package: etexcmds 2011/02/16 v1.5 Avoid name clashes with e-TeX commands (HO)

(/usr/share/texlive/texmf-dist/tex/generic/oberdiek/ifluatex.sty
Package: ifluatex 2010/03/01 v1.3 Provides the ifluatex switch (HO)
Package ifluatex Info: LuaTeX not detected.
)
Package etexcmds Info: Could not find \expanded.
(etexcmds)             That can mean that you are not using pdfTeX 1.50 or
(etexcmds)             that some package has redefined \expanded.
(etexcmds)             In the latter case, load this package earlier.
))
(/usr/share/texlive/texmf-dist/tex/generic/oberdiek/kvdefinekeys.sty
Package: kvdefinekeys 2011/04/07 v1.3 Define keys (HO)
)
(/usr/share/texlive/texmf-dist/tex/generic/oberdiek/pdftexcmds.sty
Package: pdftexcmds 2011/11/29 v0.20 Utility functions of pdfTeX for LuaTeX (HO
)
Package pdftexcmds Info: LuaTeX not detected.
Package pdftexcmds Info: pdfTeX >= 1.30 not detected.
Package pdftexcmds Info: \pdf@primitive is available.
Package pdftexcmds Info: \pdf@ifprimitive is available.
Package pdftexcmds Info: \pdfdraftmode not found.
)
(/usr/share/texlive/texmf-dist/tex/latex/oberdiek/auxhook.sty
Package: auxhook 2011/03/04 v1.3 Hooks for auxiliary files (HO)
)
Package zref Info: New property list: main on input line 759.
Package zref Info: New property: default on input line 760.
Package zref Info: New property: page on input line 761.
)
(/usr/share/texlive/texmf-dist/tex/generic/oberdiek/atbegshi.sty
Package: atbegshi 2011/10/05 v1.16 At begin shipout hook (HO)
)
\c@abspage=\count180
Package zref Info: New property: abspage on input line 62.
)
(/usr/share/texlive/texmf-dist/tex/xelatex/bidi/latex-xetex-bidi.def
File: latex-xetex-bidi.def 2013/10/10 v1.1.5 bidi adaptations for `latex.ltx' f
or XeTeX engine
\bidi@n@everypar=\toks24

(/usr/share/texlive/texmf-dist/tex/xelatex/bidi/footnote-xetex-bidi.def
File: footnote-xetex-bidi.def 2013/04/26 v0.8 bidi footnote macros for XeTeX en
gine
\c@footdir@label=\count181
\footdir@toks=\toks25
)
(/usr/share/texlive/texmf-dist/tex/xelatex/bidi/article-xetex-bidi.def
File: article-xetex-bidi.def 2010/07/25 v0.4 bidi adaptations for standard arti
cle class for XeTeX engine
)
(/usr/share/texlive/texmf-dist/tex/xelatex/bidi/amsmath-xetex-bidi.def
File: amsmath-xetex-bidi.def 2013/09/23 v0.8 bidi adaptations for amsmath packa
ge for XeTeX engine
)
(/usr/share/texlive/texmf-dist/tex/xelatex/bidi/amstext-xetex-bidi.def
File: amstext-xetex-bidi.def 2013/04/04 v0.1 bidi adaptations for amstext packa
ge for XeTeX engine
)
(/usr/share/texlive/texmf-dist/tex/xelatex/bidi/float-xetex-bidi.def
File: float-xetex-bidi.def 2013/04/04 v0.2 bidi adaptations for float package f
or XeTeX engine
)
(/usr/share/texlive/texmf-dist/tex/xelatex/bidi/graphicx-xetex-bidi.def
File: graphicx-xetex-bidi.def 2012/01/01 v0.4 bidi adaptations for graphicx pac
kage for XeTeX engine
))
(/usr/share/texlive/texmf-dist/tex/xelatex/bidi/loadingorder-xetex-bidi.def
File: loadingorder-xetex-bidi.def 2013/05/22 v0.95 making sure that bidi is the
 last package loaded
))
****************************************************
* 
* xepersian package (Persian for LaTeX, using XeTeX engine)
* 
* Description: The package supports Persian
* typesetting, using fonts provided in the
* distribution.
* 
* Copyright © 2008–2013 Vafa Khalighi
* 
* v13.7, 2014/02/05
* 
* License: LaTeX Project Public License, version
* 1.3c or higher (your choice)
* 
* Location on CTAN: /macros/xetex/latex/xepersian
* 
* Issue tracker: https://github.com/vafa/xepersian/issues
* 
* Support: persian-tex@tug.org
****************************************************
.................................................
. LaTeX info: "xparse/define-command"
. 
. Defining document command \settextfont with arg. spec. 'O{}m' on line 110.
.................................................
\g__file_internal_ior=\read1
\g_fontspec_family_persian-modern-regular_int=\count182
.................................................
. fontspec info: "defining-font"
. 
. Font family 'persian-modern-regular(0)' created for font
. 'persian-modern-regular' with options
. [Script=Parsi,Language=Parsi,Mapping=parsidigits,ExternalLocation,BoldFont={p
ersian-modern-bold},BoldItalicFont={persian-modern-bolditalic},ItalicFont={pers
ian-modern-italic},SlantedFont={persian-modern-oblique},BoldSlantedFont={persia
n-modern-boldoblique}].
. 
. This font family consists of the following shapes:
. 
. * 'normal' with NFSS spec.:
. 
. <->"[persian-modern-regular]/ICU:script=arab;language=FAR;mapping=parsidigits
;"
. 
. * 'bold' with NFSS spec.:
. 
. <->"[persian-modern-bold]/ICU:script=arab;language=FAR;mapping=parsidigits;"
. 
. * 'italic' with NFSS spec.:
. 
. <->"[persian-modern-italic]/ICU:script=arab;language=FAR;mapping=parsidigits;
"
. 
. * 'sl/' with NFSS spec.:
. 
. <->"[persian-modern-oblique]/ICU:script=arab;language=FAR;mapping=parsidigits
;"
. 
. * 'bold italic' with NFSS spec.:
. 
. <->"[persian-modern-bolditalic]/ICU:script=arab;language=FAR;mapping=parsidig
its;"
. 
. * 'sl/' with NFSS spec.:
. 
. <->"[persian-modern-boldoblique]/ICU:script=arab;language=FAR;mapping=parsidi
gits;"
.................................................
.................................................
. fontspec info: "no-scripts"
. 
. Font persian-modern-regular does not contain any OpenType `Script'
. information.
.................................................
.................................................
. fontspec info: "defining-font"
. 
. Font family 'persian-modern-regular(1)' created for font
. 'persian-modern-regular' with options
. [Mapping=parsidigits,ExternalLocation,BoldFont={persian-modern-bold},BoldItal
icFont={persian-modern-bolditalic},ItalicFont={persian-modern-italic},SlantedFo
nt={persian-modern-oblique},BoldSlantedFont={persian-modern-boldoblique}].
. 
. This font family consists of the following shapes:
. 
. * 'normal' with NFSS spec.:
. <->"[persian-modern-regular]/ICU:mapping=parsidigits;"
. 
. * 'bold' with NFSS spec.:
. <->"[persian-modern-bold]/ICU:mapping=parsidigits;"
. 
. * 'italic' with NFSS spec.:
. <->"[persian-modern-italic]/ICU:mapping=parsidigits;"
. 
. * 'sl/' with NFSS spec.:
. <->"[persian-modern-oblique]/ICU:mapping=parsidigits;"
. 
. * 'bold italic' with NFSS spec.:
. <->"[persian-modern-bolditalic]/ICU:mapping=parsidigits;"
. 
. * 'sl/' with NFSS spec.:
. <->"[persian-modern-boldoblique]/ICU:mapping=parsidigits;"
.................................................
Package xepersian-mathsdigitspec Info: DefiningthedefaultPersianmathsdigitsfont
as'persian-modern-regular' on input line 112.
\symOPERATORS=\mathgroup4
\symnew@mathbf@font@digits=\mathgroup5
\symnew@mathit@font@digits=\mathgroup6
\symnew@mathrm@font@digits=\mathgroup7
.................................................
. LaTeX info: "xparse/define-command"
. 
. Defining document command \setlatintextfont with arg. spec. 'O{}m' on line
. 121.
.................................................
\g_fontspec_family_lmroman10-regular_int=\count183
.................................................
. fontspec info: "defining-font"
. 
. Font family 'lmroman10-regular(0)' created for font 'lmroman10-regular' with
. options
. [Mapping=tex-text,ExternalLocation,BoldFont={lmroman10-bold},BoldItalicFont={
lmroman10-bolditalic},ItalicFont={lmroman10-italic},SmallCapsFont={lmromancaps1
0-regular},SlantedFont={lmromanslant10-regular},BoldSlantedFont={lmromanslant10
-bold}].
. 
. This font family consists of the following shapes:
. 
. * 'normal' with NFSS spec.:
. <->"[lmroman10-regular]/ICU:script=latn;language=DFLT;mapping=tex-text;"
. 
. * 'small caps' with NFSS spec.:
. 
. <->"[lmromancaps10-regular]/ICU:script=latn;language=DFLT;mapping=tex-text;"
. 
. * 'bold' with NFSS spec.:
. <->"[lmroman10-bold]/ICU:script=latn;language=DFLT;mapping=tex-text;"
. 
. * 'bold small caps' with NFSS spec.:
. 
. <->"[lmromancaps10-regular]/ICU:script=latn;language=DFLT;mapping=tex-text;"
. 
. * 'italic' with NFSS spec.:
. <->"[lmroman10-italic]/ICU:script=latn;language=DFLT;mapping=tex-text;"
. 
. * 'italic small caps' with NFSS spec.:
. 
. <->"[lmromancaps10-regular]/ICU:script=latn;language=DFLT;mapping=tex-text;"
. 
. * 'sl/' with NFSS spec.:
. 
. <->"[lmromanslant10-regular]/ICU:script=latn;language=DFLT;mapping=tex-text;"

. 
. * 'small caps' with NFSS spec.:
. 
. <->"[lmromancaps10-regular]/ICU:script=latn;language=DFLT;mapping=tex-text;"
. 
. * 'bold italic' with NFSS spec.:
. <->"[lmroman10-bolditalic]/ICU:script=latn;language=DFLT;mapping=tex-text;"
. 
. * 'bold italic small caps' with NFSS spec.:
. 
. <->"[lmromancaps10-regular]/ICU:script=latn;language=DFLT;mapping=tex-text;"
. 
. * 'sl/' with NFSS spec.:
. <->"[lmromanslant10-bold]/ICU:script=latn;language=DFLT;mapping=tex-text;"
. 
. * 'bold small caps' with NFSS spec.:
. 
. <->"[lmromancaps10-regular]/ICU:script=latn;language=DFLT;mapping=tex-text;"
.................................................
.................................................
. LaTeX info: "xparse/define-command"
. 
. Defining document command \defpersianfont with arg. spec. 'mO{}m' on line
. 133.
.................................................
.................................................
. LaTeX info: "xparse/define-command"
. 
. Defining document command \deflatinfont with arg. spec. 'mO{}m' on line 142.
.................................................
.................................................
. LaTeX info: "xparse/define-command"
. 
. Defining document command \setpersiansansfont with arg. spec. 'O{}m' on line
. 176.
.................................................
.................................................
. LaTeX info: "xparse/define-command"
. 
. Defining document command \setpersianmonofont with arg. spec. 'O{}m' on line
. 180.
.................................................
.................................................
. LaTeX info: "xparse/define-command"
. 
. Defining document command \setnavarfont with arg. spec. 'O{}m' on line 184.
.................................................
.................................................
. LaTeX info: "xparse/define-command"
. 
. Defining document command \setpookfont with arg. spec. 'O{}m' on line 188.
.................................................
\g_fontspec_family_persian-modern-outline_int=\count184
.................................................
. fontspec info: "defining-font"
. 
. Font family 'persian-modern-outline(0)' created for font
. 'persian-modern-outline' with options
. [Script=Parsi,Language=Parsi,Mapping=parsidigits,ExternalLocation,ItalicFont=
{persian-modern-italicoutline},SlantedFont={persian-modern-obliqueoutline}].
. 
. This font family consists of the following shapes:
. 
. * 'normal' with NFSS spec.:
. 
. <->"[persian-modern-outline]/ICU:script=arab;language=FAR;mapping=parsidigits
;"
. 
. * 'italic' with NFSS spec.:
. 
. <->"[persian-modern-italicoutline]/ICU:script=arab;language=FAR;mapping=parsi
digits;"
. 
. * 'sl/' with NFSS spec.:
. 
. <->"[persian-modern-obliqueoutline]/ICU:script=arab;language=FAR;mapping=pars
idigits;"
.................................................
.................................................
. LaTeX info: "xparse/define-command"
. 
. Defining document command \setsayehfont with arg. spec. 'O{}m' on line 193.
.................................................
\g_fontspec_family_persian-modern-shadow_int=\count185
.................................................
. fontspec info: "defining-font"
. 
. Font family 'persian-modern-shadow(0)' created for font
. 'persian-modern-shadow' with options
. [Script=Parsi,Language=Parsi,Mapping=parsidigits,ExternalLocation,ItalicFont=
{persian-modern-italicshadow},SlantedFont={persian-modern-obliqueshadow}].
. 
. This font family consists of the following shapes:
. 
. * 'normal' with NFSS spec.:
. 
. <->"[persian-modern-shadow]/ICU:script=arab;language=FAR;mapping=parsidigits;
"
. 
. * 'italic' with NFSS spec.:
. 
. <->"[persian-modern-italicshadow]/ICU:script=arab;language=FAR;mapping=parsid
igits;"
. 
. * 'sl/' with NFSS spec.:
. 
. <->"[persian-modern-obliqueshadow]/ICU:script=arab;language=FAR;mapping=parsi
digits;"
.................................................
.................................................
. LaTeX info: "xparse/define-command"
. 
. Defining document command \setiranicfont with arg. spec. 'O{}m' on line 198.
.................................................
\g_fontspec_family_persian-modern-oblique_int=\count186
.................................................
. fontspec info: "defining-font"
. 
. Font family 'persian-modern-oblique(0)' created for font
. 'persian-modern-oblique' with options
. [Script=Parsi,Language=Parsi,Mapping=parsidigits,ExternalLocation,BoldFont={p
ersian-modern-boldoblique}].
. 
. This font family consists of the following shapes:
. 
. * 'normal' with NFSS spec.:
. 
. <->"[persian-modern-oblique]/ICU:script=arab;language=FAR;mapping=parsidigits
;"
. 
. * 'bold' with NFSS spec.:
. 
. <->"[persian-modern-boldoblique]/ICU:script=arab;language=FAR;mapping=parsidi
gits;"
.................................................

(/usr/share/texlive/texmf-dist/tex/xelatex/xepersian/loadingorder-xepersian.def
File: loadingorder-xepersian.def 2012/01/01 v0.3 making sure that xepersian is 
the last package loaded
) (/usr/share/texlive/texmf-dist/tex/xelatex/xepersian/footnote-xepersian.def
File: footnote-xepersian.def 2013/04/26 v0.4 footnote macros for xepersian pack
age
)
(/usr/share/texlive/texmf-dist/tex/xelatex/xepersian/article-xepersian.def
File: article-xepersian.def 2010/07/25 v0.2 adaptations for standard article cl
ass
)
(/usr/share/texlive/texmf-dist/tex/xelatex/xepersian/localise-xepersian.def
File: localise-xepersian.def 2010/07/25 v0.2a Persian localisation of LaTeX2e

(/usr/share/texlive/texmf-dist/tex/xelatex/xepersian/latex-localise-commands-xe
persian.def
File: latex-localise-commands-xepersian.def 2014/02/05 v0.3 Persian localisatio
n of LaTeX2e commands
)
(/usr/share/texlive/texmf-dist/tex/xelatex/xepersian/xepersian-localise-command
s-xepersian.def
File: xepersian-localise-commands-xepersian.def 2012/07/25 v0.2 Persian localis
ation of XePersian commands
)
(/usr/share/texlive/texmf-dist/tex/xelatex/xepersian/latex-localise-environment
s-xepersian.def
File: latex-localise-environments-xepersian.def 2010/07/25 v0.2 Persian localis
ation of LaTeX2e environments
)
(/usr/share/texlive/texmf-dist/tex/xelatex/xepersian/xepersian-localise-environ
ments-xepersian.def
File: xepersian-localise-environments-xepersian.def 2010/07/25 v0.1 Persian loc
alisation of XePersian and bidi environments
)
(/usr/share/texlive/texmf-dist/tex/xelatex/xepersian/latex-localise-messages-xe
persian.def
File: latex-localise-messages-xepersian.def 2011/03/01 v0.1 localising LaTeX2e 
messages
)
(/usr/share/texlive/texmf-dist/tex/xelatex/xepersian/latex-localise-misc-xepers
ian.def
File: latex-localise-misc-xepersian.def 2012/01/01 v0.2 miscellaneous Persian l
ocalisation of LaTeX2e
)
(/usr/share/texlive/texmf-dist/tex/xelatex/xepersian/packages-localise-xepersia
n.def
File: packages-localise-xepersian.def 2013/04/24 v0.2 localising LaTeX2e Packag
es
)
*************************************************
* fontspec warning: "rename-feature-not-exist"
* 
* The feature Renderer doesn't appear to be defined.
*************************************************
))
*************************************************
* fontspec warning: "language-not-exist"
* 
* Language 'Parsi' not available for font 'B Nazanin' with script 'Parsi'.
* 'Default' language used instead.
*************************************************
\g_fontspec_family_B Nazanin_int=\count187
.................................................
. fontspec info: "no-font-shape"
. 
. Could not resolve font B Nazanin/I (it probably doesn't exist).
.................................................
.................................................
. fontspec info: "defining-font"
. 
. Font family 'BNazanin(0)' created for font 'B Nazanin' with options
. [Script=Parsi,Language=Parsi,Mapping=parsidigits,Scale=1.1].
. 
. This font family consists of the following shapes:
. 
. * 'normal' with NFSS spec.:
. <->s*[1.1]"B Nazanin/ICU:script=arab;language=DFLT;mapping=parsidigits;"
. 
. * 'bold' with NFSS spec.:
. <->s*[1.1]"B Nazanin/B/ICU:script=arab;language=DFLT;mapping=parsidigits;"
. 
. * 'bold italic' with NFSS spec.:
. <->s*[1.1]"B Nazanin/BI/ICU:script=arab;language=DFLT;mapping=parsidigits;"
.................................................
LaTeX Info: Redefining \persianfont on input line 16.
LaTeX Font Info:    Font shape `EU1/BNazanin(0)/m/n' will be
(Font)              scaled to size 11.00006pt on input line 16.
.................................................
. fontspec info: "no-scripts"
. 
. Font Georgia does not contain any OpenType `Script' information.
.................................................
\g_fontspec_family_Georgia_int=\count188
.................................................
. fontspec info: "defining-font"
. 
. Font family 'Georgia(0)' created for font 'Georgia' with options
. [Mapping=tex-text,].
. 
. This font family consists of the following shapes:
. 
. * 'normal' with NFSS spec.:
. <->"Georgia/ICU:mapping=tex-text;"
. 
. * 'bold' with NFSS spec.:
. <->"Georgia/B/ICU:mapping=tex-text;"
. 
. * 'italic' with NFSS spec.:
. <->"Georgia/I/ICU:mapping=tex-text;"
. 
. * 'bold italic' with NFSS spec.:
. <->"Georgia/BI/ICU:mapping=tex-text;"
.................................................
LaTeX Info: Redefining \latinfont on input line 17.
(./main.aux

LaTeX Warning: Label `tbl:1-2' multiply defined.

)
\openout1 = `main.aux'.

LaTeX Font Info:    Checking defaults for OML/cmm/m/it on input line 45.
LaTeX Font Info:    ... okay on input line 45.
LaTeX Font Info:    Checking defaults for T1/cmr/m/n on input line 45.
LaTeX Font Info:    ... okay on input line 45.
LaTeX Font Info:    Checking defaults for OT1/cmr/m/n on input line 45.
LaTeX Font Info:    ... okay on input line 45.
LaTeX Font Info:    Checking defaults for OMS/cmsy/m/n on input line 45.
LaTeX Font Info:    ... okay on input line 45.
LaTeX Font Info:    Checking defaults for OMX/cmex/m/n on input line 45.
LaTeX Font Info:    ... okay on input line 45.
LaTeX Font Info:    Checking defaults for U/cmr/m/n on input line 45.
LaTeX Font Info:    ... okay on input line 45.
LaTeX Font Info:    Checking defaults for EU1/lmr/m/n on input line 45.
LaTeX Font Info:    ... okay on input line 45.
LaTeX Font Info:    Checking defaults for T3/cmr/m/n on input line 45.
LaTeX Font Info:    Try loading font information for T3+cmr on input line 45.
 (/usr/share/texmf/tex/latex/tipa/t3cmr.fd
File: t3cmr.fd 2001/12/31 TIPA font definitions
)
LaTeX Font Info:    ... okay on input line 45.
LaTeX Font Info:    Font shape `EU1/BNazanin(0)/m/n' will be
(Font)              scaled to size 13.20007pt on input line 45.
\AtBeginShipoutBox=\box55
LaTeX Font Info:    Font shape `EU1/BNazanin(0)/m/n' will be
(Font)              scaled to size 22.81412pt on input line 65.
LaTeX Font Info:    Font shape `EU1/BNazanin(0)/m/n' will be
(Font)              scaled to size 19.0081pt on input line 65.
LaTeX Font Info:    Font shape `EU1/BNazanin(0)/bx/n' will be
(Font)              scaled to size 19.0081pt on input line 65.
LaTeX Font Info:    Font shape `EU1/BNazanin(0)/m/n' will be
(Font)              scaled to size 15.84007pt on input line 65.
LaTeX Font Info:    Font shape `EU1/BNazanin(0)/m/n' will be
(Font)              scaled to size 12.04506pt on input line 65.
LaTeX Font Info:    Font shape `EU1/BNazanin(0)/bx/n' will be
(Font)              scaled to size 12.04506pt on input line 65.
LaTeX Font Info:    Font shape `EU1/BNazanin(0)/m/n' will be
(Font)              scaled to size 8.80005pt on input line 69.
LaTeX Font Info:    Font shape `EU1/BNazanin(0)/m/n' will be
(Font)              scaled to size 7.70004pt on input line 69.

Underfull \hbox (badness 1348) in paragraph at lines 69--89
[]\EU1/BNazanin(0)/m/n/12 دسته‌بندی کننده مبتنی بر بازنمایی تنک ارائه شده[]
 []


Underfull \hbox (badness 3333) in paragraph at lines 69--89
[]\EU1/BNazanin(0)/m/n/12 دسته‌بندی‌کننده مبتنی بر بازنمایی تنک یک مدل[]
 []


Underfull \hbox (badness 1297) in paragraph at lines 69--89
[]\EU1/BNazanin(0)/m/n/12 همان‌طور که در ادامه خواهیم دید، دسته‌بندی‌کننده[]
 []


Underfull \hbox (badness 5331) in paragraph at lines 69--89
[]\EU1/BNazanin(0)/m/n/12 در ادامه این گزارش، در بخش دوم، ایده اصلی[]
 []


Underfull \hbox (badness 7667) in paragraph at lines 69--89
[]\EU1/BNazanin(0)/m/n/12 دسته‌بندی‌کننده مبتنی بر بازنمایی تنک را ارائه[]
 []


Underfull \hbox (badness 10000) in paragraph at lines 69--89
[][]
 []


Underfull \vbox (badness 1371) has occurred while \output is active []

 [1


]
Underfull \vbox (badness 1057) has occurred while \output is active []


Underfull \hbox (badness 10000) in paragraph at lines 91--91
[][]\EU1/BNazanin(0)/bx/n/17.28 دسته‌بندی کننده مبتنی بر[]
 []


Underfull \vbox (badness 10000) has occurred while \output is active []

 [2]
LaTeX Font Info:    Font shape `EU1/BNazanin(0)/bx/n' will be
(Font)              scaled to size 15.84007pt on input line 93.

Underfull \hbox (badness 1454) in paragraph at lines 136--139
[][]\EU1/BNazanin(0)/m/n/12 روش‌های مختلفی برای حل مساله [] در زمینه[]
 []

[3]
Underfull \hbox (badness 10000) in paragraph at lines 179--182
[][]
 []

LaTeX Font Info:    Try loading font information for EU1+lmtt on input line 195
.
(/usr/share/texlive/texmf-dist/tex/latex/euenc/eu1lmtt.fd
File: eu1lmtt.fd 2009/10/30 v1.6 Font defs for Latin Modern
) [4]
Overfull \hbox (11.74988pt too wide) detected at line 213
[][] 
 []

[5]
LaTeX Font Info:    Font shape `EU1/BNazanin(0)/bx/n' will be
(Font)              scaled to size 13.20007pt on input line 244.
File: Imgs/1-1.png Graphic file (type QTm)
 <use  "Imgs/1-1.png" >
Underfull \hbox (badness 3323) in paragraph at lines 245--260
[]\EU1/BNazanin(0)/m/n/12 در این بخش آزمایشاتی انجام شده است تا تاثیر[]
 []


Underfull \hbox (badness 2245) in paragraph at lines 245--260
[]\EU1/BNazanin(0)/m/n/12 شکل ۱[] نتایج مقایسه آزمایشات را نمایش می‌دهد.[]
 []


LaTeX Warning: `h' float specifier changed to `ht'.

File: Imgs/1-2.png Graphic file (type QTm)
<use  "Imgs/1-2.png" >
Underfull \vbox (badness 10000) has occurred while \output is active []

 [6]
Underfull \vbox (badness 10000) has occurred while \output is active []



LaTeX Warning: `h' float specifier changed to `ht'.


Underfull \vbox (badness 3407) has occurred while \output is active []

 [7]
File: Imgs/1-3.png Graphic file (type QTm)

<use  "Imgs/1-3.png" >

LaTeX Warning: Reference `tbl:1-3' on page 8 undefined on input line 324.

File: Imgs/1-4.png Graphic file (type QTm)
<use  "Imgs/1-4.png" >

LaTeX Warning: `h' float specifier changed to `ht'.


Underfull \hbox (badness 10000) in paragraph at lines 349--349
[][]\EU1/BNazanin(0)/bx/n/17.28 دسته‌بندی کننده مبتنی بر[]
 []


LaTeX Warning: Reference `eq:2-1' on page 8 undefined on input line 354.

[8]
Underfull \hbox (badness 1048) in paragraph at lines 369--370
[]\EU1/BNazanin(0)/m/n/12 با فرض این که مساله دارای $\OML/cmm/m/it/12 c$ \EU1/B
Nazanin(0)/m/n/12 کلاس مختلف باشد[]
 []


Underfull \hbox (badness 1721) in paragraph at lines 369--370
[]\EU1/BNazanin(0)/m/n/12 و تابع غیرخطی‌کننده هسته را با $\OT1/cmr/m/n/12 ^^H$ 
\EU1/BNazanin(0)/m/n/12 نمایش دهیم،[]
 []

[9]
Underfull \hbox (badness 1776) in paragraph at lines 438--439
[]\EU1/BNazanin(0)/m/n/12 دسته‌بندی داده‌های ورودی و تست نماییم. مساله[]
 []

[10]
Underfull \hbox (badness 10000) in paragraph at lines 471--472
[]\EU1/Georgia(0)/m/n/12 Select a dimensionality reduction
 []


Underfull \hbox (badness 10000) in paragraph at lines 471--472
\EU1/Georgia(0)/m/n/12 method and compute appropriate
 []


Underfull \hbox (badness 1248) in paragraph at lines 472--473
[]\EU1/Georgia(0)/m/n/12 Normalize the columns of $\OML/cmm/m/it/12 B[]K$ \EU1/
Georgia(0)/m/n/12 and
 []


Overfull \hbox (11.74988pt too wide) detected at line 482
[][] 
 []


Underfull \hbox (badness 1122) in paragraph at lines 486--487
[][]\EU1/BNazanin(0)/m/n/12 در ادامه با نرمال کردن ستون‌های ماتریس انتقال[]
 []

[11]
Underfull \hbox (badness 2359) in paragraph at lines 490--497
[]\EU1/BNazanin(0)/m/n/12 در این بخش عمل‌کرد روش ارائه شده در [[]] با[]
 []


Underfull \hbox (badness 1173) in paragraph at lines 490--497
[]\EU1/BNazanin(0)/m/n/12 نمودار سمت راست در شکل ۵[] نمایش‌دهنده خطای[]
 []

File: Imgs/2-2.png Graphic file (type QTm)
<use  "Imgs/2-2.png" >
File: Imgs/2-3.png Graphic file (type QTm)
 <use  "Imgs/2-3.png" > [12] [13]
Underfull \hbox (badness 2359) in paragraph at lines 560--562
[]\EU1/BNazanin(0)/m/n/12 که در این حالت، مساله [] به یک مساله[]
 []

[14]
Overfull \hbox (11.74988pt too wide) detected at line 670
[][] 
 []


LaTeX Warning: `h' float specifier changed to `ht'.


Underfull \hbox (badness 1331) in paragraph at lines 694--697
[]\EU1/BNazanin(0)/m/n/12 در این آزمایش دو مجموعه داده گاوسی با ماتریس[]
 []

[15]
File: Imgs/3-1.png Graphic file (type QTm)
 <use  "Imgs/3-1.png" > (./main.bbl
Underfull \hbox (badness 2088) in paragraph at lines 9--12
[]\EU1/Georgia(0)/m/n/12 L. Zhang, W.-D. Zhou, P.-C. Chang,
 []


Underfull \hbox (badness 2809) in paragraph at lines 9--12
\EU1/Georgia(0)/m/n/12 J. Liu, Z. Yan, T. Wang, and F.-Z.
 []


Underfull \hbox (badness 2088) in paragraph at lines 18--21
\EU1/Georgia(0)/m/n/12 “Sparse representation with kernels,”
 []


Underfull \hbox (badness 10000) in paragraph at lines 27--30
[]\EU1/Georgia(0)/m/n/12 A. Shrivastava, V. M. Patel, and
 []


Underfull \hbox (badness 1221) in paragraph at lines 27--30
\EU1/Georgia(0)/m/n/12 R. Chellappa, “Multiple kernel learn-
 []


Underfull \hbox (badness 10000) in paragraph at lines 27--30
\EU1/Georgia(0)/m/n/12 ing for sparse representation-based
 []


Underfull \hbox (badness 10000) in paragraph at lines 27--30
\EU1/Georgia(0)/m/n/12 classification,” \EU1/Georgia(0)/m/it/12 IEEE Transactio
ns
 []


Underfull \hbox (badness 6526) in paragraph at lines 27--30
\EU1/Georgia(0)/m/it/12 on Image Processing\EU1/Georgia(0)/m/n/12 , vol.23, no.
7,
 []


Underfull \hbox (badness 4846) in paragraph at lines 36--39
[]\EU1/Georgia(0)/m/n/12 J. Wright, A. Y. Yang, A. Ganesh,
 []

) [16] [17] (./main.aux)

LaTeX Warning: There were undefined references.


LaTeX Warning: There were multiply-defined labels.

 ) 
Here is how much of TeX's memory you used:
 18446 strings out of 493918
 359777 string characters out of 6150563
 453448 words of memory out of 5000000
 21399 multiletter control sequences out of 15000+600000
 10616 words of font info for 110 fonts, out of 8000000 for 9000
 1144 hyphenation exceptions out of 8191
 53i,14n,47p,10452b,422s stack positions out of 5000i,500n,10000p,200000b,80000s

Output written on main.pdf (17 pages).
